
Showing logs for build [32mmeta-cb-kubecd-environment-batc-p4s76-1[0m stage [32mmeta-pipeline[0m and container [32mstep-credential-initializer-9tlcb[0m
{"level":"warn","ts":1567508577.6823385,"logger":"fallback-logger","caller":"logging/config.go:69","msg":"Fetch GitHub commit ID from kodata failed: \"ref: refs/heads/master\" is not a valid GitHub commit ID"}
{"level":"info","ts":1567508577.6828756,"logger":"fallback-logger","caller":"creds-init/main.go:40","msg":"Credentials initialized."}

Showing logs for build [32mmeta-cb-kubecd-environment-batc-p4s76-1[0m stage [32mmeta-pipeline[0m and container [32mstep-working-dir-initializer-bl5h4[0m
{"level":"warn","ts":1567508579.560166,"logger":"fallback-logger","caller":"logging/config.go:69","msg":"Fetch GitHub commit ID from kodata failed: open /var/run/ko/HEAD: no such file or directory"}
{"level":"info","ts":1567508579.5723696,"logger":"fallback-logger","caller":"bash/main.go:65","msg":"Successfully executed command \"mkdir -p /workspace/source\""}

Showing logs for build [32mmeta-cb-kubecd-environment-batc-p4s76-1[0m stage [32mmeta-pipeline[0m and container [32mstep-place-tools[0m

Showing logs for build [32mmeta-cb-kubecd-environment-batc-p4s76-1[0m stage [32mmeta-pipeline[0m and container [32mstep-git-source-meta-cb-kubecd-environment-batc-7pn2l[0m
{"level":"warn","ts":1567508588.913686,"logger":"fallback-logger","caller":"logging/config.go:69","msg":"Fetch GitHub commit ID from kodata failed: \"ref: refs/heads/master\" is not a valid GitHub commit ID"}
{"level":"info","ts":1567508589.5691164,"logger":"fallback-logger","caller":"git/git.go:102","msg":"Successfully cloned https://github.com/cb-kubecd/environment-batch-65-tekton-gkebdd-staging.git @ 607a82592cdc95e5ceeebe9cb759f3a7ae1ecdef in path /workspace/source"}

Showing logs for build [32mmeta-cb-kubecd-environment-batc-p4s76-1[0m stage [32mmeta-pipeline[0m and container [32mstep-git-merge[0m
Using SHAs from PULL_REFS=master:607a82592cdc95e5ceeebe9cb759f3a7ae1ecdef
WARNING: no SHAs to merge, falling back to initial cloned commit

Showing logs for build [32mmeta-cb-kubecd-environment-batc-p4s76-1[0m stage [32mmeta-pipeline[0m and container [32mstep-merge-pull-refs[0m
SKIP merge-pull-refs: Nothing to merge

Showing logs for build [32mmeta-cb-kubecd-environment-batc-p4s76-1[0m stage [32mmeta-pipeline[0m and container [32mstep-create-effective-pipeline[0m
Deleting and cloning the Jenkins X versions repo
Cloning the Jenkins X versions repo https://github.com/jenkins-x/jenkins-x-versions.git with ref refs/heads/master to /builder/home/.**/jenkins-x-versions
selected pack: /builder/home/.**/draft/packs/github.com/jenkins-x-buildpacks/jenkins-x-kubernetes/packs/environment
Effective pipeline written to jenkins-x-promotion-effective.yml

Showing logs for build [32mmeta-cb-kubecd-environment-batc-p4s76-1[0m stage [32mmeta-pipeline[0m and container [32mstep-create-tekton-crds[0m
running command: ** step next-version --use-git-tag-only --tag
created new version: 0.0.1 and written to file: ./VERSION
Tag v0.0.1 created and pushed to remote origin

PipelineActivity for cb-kubecd-environment-batch-65-tekton-gkebdd-staging-master-1
Applying changes 
upserted PipelineResource cb-kubecd-environment-batch-65 for the git repository https://github.com/cb-kubecd/environment-batch-65-tekton-gkebdd-staging.git
upserted Task cb-kubecd-environment-batch-65-9lcb9-from-build-pack-1
upserted Pipeline cb-kubecd-environment-batch-65-9lcb9-1
created PipelineRun cb-kubecd-environment-batch-65-9lcb9-1
created PipelineStructure cb-kubecd-environment-batch-65-9lcb9-1

Showing logs for build [32mmeta-cb-kubecd-environment-batc-p4s76-1[0m stage [32mfrom-build-pack[0m and container [32mstep-credential-initializer-kqjmx[0m
{"level":"warn","ts":1567508603.6197326,"logger":"fallback-logger","caller":"logging/config.go:69","msg":"Fetch GitHub commit ID from kodata failed: \"ref: refs/heads/master\" is not a valid GitHub commit ID"}
{"level":"info","ts":1567508603.6209123,"logger":"fallback-logger","caller":"creds-init/main.go:40","msg":"Credentials initialized."}

Showing logs for build [32mmeta-cb-kubecd-environment-batc-p4s76-1[0m stage [32mfrom-build-pack[0m and container [32mstep-working-dir-initializer-bz8gz[0m
{"level":"warn","ts":1567508604.529123,"logger":"fallback-logger","caller":"logging/config.go:69","msg":"Fetch GitHub commit ID from kodata failed: open /var/run/ko/HEAD: no such file or directory"}
{"level":"info","ts":1567508604.5304754,"logger":"fallback-logger","caller":"bash/main.go:65","msg":"Successfully executed command \"mkdir -p /workspace/source /workspace/source/env\""}

Showing logs for build [32mmeta-cb-kubecd-environment-batc-p4s76-1[0m stage [32mfrom-build-pack[0m and container [32mstep-place-tools[0m

Showing logs for build [32mmeta-cb-kubecd-environment-batc-p4s76-1[0m stage [32mfrom-build-pack[0m and container [32mstep-git-source-cb-kubecd-environment-batch-65-kkpvl[0m
{"level":"warn","ts":1567508725.6486068,"logger":"fallback-logger","caller":"logging/config.go:69","msg":"Fetch GitHub commit ID from kodata failed: \"ref: refs/heads/master\" is not a valid GitHub commit ID"}
{"level":"info","ts":1567508726.259216,"logger":"fallback-logger","caller":"git/git.go:102","msg":"Successfully cloned https://github.com/cb-kubecd/environment-batch-65-tekton-gkebdd-staging.git @ v0.0.1 in path /workspace/source"}

Showing logs for build [32mmeta-cb-kubecd-environment-batc-p4s76-1[0m stage [32mfrom-build-pack[0m and container [32mstep-git-merge[0m
Using SHAs from PULL_REFS=master:607a82592cdc95e5ceeebe9cb759f3a7ae1ecdef
WARNING: no SHAs to merge, falling back to initial cloned commit

Showing logs for build [32mmeta-cb-kubecd-environment-batc-p4s76-1[0m stage [32mfrom-build-pack[0m and container [32mstep-setup-jx-git-credentials[0m
Generated Git credentials file /builder/home/git/credentials

Showing logs for build [32mmeta-cb-kubecd-environment-batc-p4s76-1[0m stage [32mfrom-build-pack[0m and container [32mstep-build-helm-apply[0m
Modified file /workspace/source/env/Chart.yaml to set the chart to version 1
Copying the helm source directory /workspace/source/env to a temporary location for building and applying /tmp/**-helm-apply-908548331/env
Applying helm chart at /tmp/**-helm-apply-908548331/env as release name ** to namespace **-staging
verifying the helm requirements versions in dir: . using version stream URL:  and git ref: 
Deleting and cloning the Jenkins X versions repo
Cloning the Jenkins X versions repo https://github.com/jenkins-x/jenkins-x-versions.git with ref refs/heads/master to /builder/home/.**/jenkins-x-versions
Ignoring templates/.gitignore
Wrote chart values.yaml /tmp/**-helm-apply-908548331/env/values.yaml generated from directory tree
generated helm /tmp/**-helm-apply-908548331/env/values.yaml

PipelineSecrets: {}
cleanup:
  Annotations:
    helm.sh/hook: pre-delete
    helm.sh/hook-delete-policy: hook-succeeded
  Args:
  - --cleanup
controllerbuild:
  enabled: true
controllerworkflow:
  enabled: false
docker-registry:
  enabled: false
dockerRegistry: gcr.io
expose:
  Annotations:
    helm.sh/hook: post-install,post-upgrade
    helm.sh/hook-delete-policy: hook-succeeded
  Args:
  - --v
  - 4
  config:
    domain: 34.77.84.161.nip.io
    exposer: Ingress
    http: "true"
jenkins:
  Servers:
    Global:
      EnvVars:
        TILLER_NAMESPACE: kube-system
  enabled: false
prow: {}

Using values files: /tmp/**-helm-apply-908548331/env/values.yaml
WARNING: No $CHART_REPOSITORY defined so using the default value of: http://jenkins-x-chartmuseum:8080
Adding missing Helm repo: storage.googleapis.com https://storage.googleapis.com/chartmuseum.jenkins-x.io
Successfully added Helm repository storage.googleapis.com.
Adding missing Helm repo: jenkins-x-chartmuseum http://jenkins-x-chartmuseum:8080
Successfully added Helm repository jenkins-x-chartmuseum.
WARNING: No $CHART_REPOSITORY defined so using the default value of: http://jenkins-x-chartmuseum:8080
Adding missing Helm repo: chartmuseum.jenkins-x.io http://chartmuseum.jenkins-x.io
Successfully added Helm repository chartmuseum.jenkins-x.io.
Applying Apps chart overrides
Applying chart overrides


